19:05:22:939 [00384] | INFO  | Initializing crosire's ReShade version '4.9.1.35' (32-bit) built on '2022-01-30 16:35:34' loaded from "Z:\userdata\system\rgs\emulators\demul\d3d11.dll" into "Z:\userdata\system\rgs\emulators\demul\demul.exe" ...
19:05:22:944 [00384] | INFO  | Registering hooks for "user32.dll" ...
19:05:22:944 [00384] | INFO  | > Libraries loaded.
19:05:22:944 [00384] | INFO  | > Found 14 match(es). Installing ...
19:05:22:947 [00384] | INFO  | Registering hooks for "ws2_32.dll" ...
19:05:22:947 [00384] | INFO  | > Libraries loaded.
19:05:22:947 [00384] | INFO  | > Found 8 match(es). Installing ...
19:05:22:950 [00384] | INFO  | Registering hooks for "C:\windows\system32\d2d1.dll" ...
19:05:22:951 [00384] | INFO  | > Delayed.
19:05:22:951 [00384] | INFO  | Registering hooks for "C:\windows\system32\d3d9.dll" ...
19:05:22:951 [00384] | INFO  | > Delayed.
19:05:22:951 [00384] | INFO  | Registering hooks for "C:\windows\system32\d3d10.dll" ...
19:05:22:951 [00384] | INFO  | > Delayed.
19:05:22:951 [00384] | INFO  | Registering hooks for "C:\windows\system32\d3d10_1.dll" ...
19:05:22:951 [00384] | INFO  | > Delayed.
19:05:22:951 [00384] | INFO  | Registering hooks for "C:\windows\system32\d3d11.dll" ...
19:05:22:951 [00384] | INFO  | > Delayed until first call to an exported function.
19:05:22:951 [00384] | INFO  | Registering hooks for "C:\windows\system32\d3d12.dll" ...
19:05:22:951 [00384] | INFO  | > Delayed.
19:05:22:951 [00384] | INFO  | Registering hooks for "C:\windows\system32\dxgi.dll" ...
19:05:22:951 [00384] | INFO  | > Delayed.
19:05:22:951 [00384] | INFO  | Registering hooks for "C:\windows\system32\opengl32.dll" ...
19:05:22:951 [00384] | INFO  | > Delayed.
19:05:22:951 [00384] | INFO  | Initialized.
19:05:23:132 [00412] | INFO  | Installing delayed hooks for "C:\windows\system32\dxgi.dll" (Just loaded via LoadLibrary("C:\windows\system32\wbem\wbemprox.dll")) ...
19:05:23:132 [00412] | INFO  | > Found 5 match(es). Installing ...
19:05:23:526 [00412] | INFO  | Redirecting D3D11CreateDevice(pAdapter = 00000000, DriverType = 1, Software = 00000000, Flags = 0, pFeatureLevels = 0F50FCA0, FeatureLevels = 2, SDKVersion = 7, ppDevice = 11290038, pFeatureLevel = 0F50FC94, ppImmediateContext = 11290040) ...
19:05:23:526 [00412] | INFO  | > Passing on to D3D11CreateDeviceAndSwapChain:
19:05:23:526 [00412] | INFO  | Redirecting D3D11CreateDeviceAndSwapChain(pAdapter = 00000000, DriverType = 1, Software = 00000000, Flags = 0, pFeatureLevels = 0F50FCA0, FeatureLevels = 2, SDKVersion = 7, pSwapChainDesc = 00000000, ppSwapChain = 00000000, ppDevice = 11290038, pFeatureLevel = 0F50FC94, ppImmediateContext = 11290040) ...
19:05:23:529 [00412] | INFO  | Installing export hooks for "C:\windows\system32\d3d11.dll" ...
19:05:23:529 [00412] | INFO  | > Found 2 match(es). Installing ...
19:05:23:529 [00412] | INFO  | Redirecting CreateDXGIFactory1(riid = {7B7166EC-21C7-44AE-B21A-C9AE321AE369}, ppFactory = 0F50F9C4) ...
19:05:23:676 [00412] | INFO  | > Using feature level 0xb100.
19:05:23:676 [00412] | INFO  | Redirecting IDXGIFactory2::CreateSwapChainForHwnd(this = 001FD2E8, pDevice = 0C3A6690, hWnd = 000100F4, pDesc = 0F50FCA8, pFullscreenDesc = 0F50FC60, pRestrictToOutput = 00000000, ppSwapChain = 11290034) ...
19:05:23:676 [00412] | INFO  | > Dumping swap chain description:
19:05:23:676 [00412] | INFO  |   +-----------------------------------------+-----------------------------------------+
19:05:23:676 [00412] | INFO  |   | Parameter                               | Value                                   |
19:05:23:676 [00412] | INFO  |   +-----------------------------------------+-----------------------------------------+
19:05:23:676 [00412] | INFO  |   | Width                                   | 640                                     |
19:05:23:676 [00412] | INFO  |   | Height                                  | 480                                     |
19:05:23:676 [00412] | INFO  |   | RefreshRate                             | 0                   1                   |
19:05:23:676 [00412] | INFO  |   | Format                                  | DXGI_FORMAT_R8G8B8A8_UNORM              |
19:05:23:676 [00412] | INFO  |   | Stereo                                  | FALSE                                   |
19:05:23:676 [00412] | INFO  |   | ScanlineOrdering                        | 0                                       |
19:05:23:676 [00412] | INFO  |   | Scaling                                 | 0                                       |
19:05:23:676 [00412] | INFO  |   | SampleCount                             | 1                                       |
19:05:23:676 [00412] | INFO  |   | SampleQuality                           | 0                                       |
19:05:23:676 [00412] | INFO  |   | BufferUsage                             | 0x30                                    |
19:05:23:676 [00412] | INFO  |   | BufferCount                             | 1                                       |
19:05:23:676 [00412] | INFO  |   | Windowed                                | TRUE                                    |
19:05:23:676 [00412] | INFO  |   | SwapEffect                              | 0                                       |
19:05:23:676 [00412] | INFO  |   | AlphaMode                               | 0                                       |
19:05:23:676 [00412] | INFO  |   | Flags                                   | 0                                       |
19:05:23:676 [00412] | INFO  |   +-----------------------------------------+-----------------------------------------+
19:05:23:706 [00412] | INFO  | Running on AMD Radeon Graphics (RADV PHOENIX)
19:05:23:731 [00412] | INFO  | Recreated runtime environment on runtime 0C3DEA70.
19:05:24:273 [00560] | INFO  | Successfully loaded "Z:\userdata\system\rgs\emulators\demul\ArcCabView\Shaders\ArcCabView.fx".
19:05:24:858 [00412] | INFO  | Loading image files for textures ...
19:05:24:901 [00412] | INFO  | Resizing image data for texture 'V__mask_texture' from 6x4 to 48x32 ...
19:05:24:901 [00412] | INFO  | Resizing image data for texture 'V__mask2x2_texture' from 12x10 to 96x80 ...
19:05:24:941 [00412] | INFO  | Resizing image data for texture 'V__bezel_texture' from 1280x720 to 1920x1080 ...
19:05:25:047 [00412] | ERROR | Source "bezelv.png" for texture 'V__bezelv_texture' could not be found in any of the texture search paths!
19:05:25:047 [00412] | ERROR | Source "bezelv_off.png" for texture 'V__bezelv_off_texture' could not be found in any of the texture search paths!
19:05:25:816 [00384] | INFO  | Redirecting IDXGISwapChain::SetFullscreenState(this = 0C277B68, Fullscreen = TRUE, pTarget = 00000000) ...
